<?xml version="1.0" encoding="UTF-8"?>
<!-- Generated by org.testng.reporters.JUnitXMLReporter -->
<testsuite ignored="0" hostname="TECHYDLP-C33J103" failures="1" tests="3" name="TestNG Sample Test" time="0.145" errors="0" timestamp="2023-10-22T22:32:19 IST">
  <testcase classname="listenersDemo.IHookableListenerWithExample" name="t" time="0.012"/>
  <testcase classname="listenersDemo.IHookableListenerWithExample" name="t" time="0.001"/>
  <testcase classname="listenersDemo.IHookableListenerWithExample" name="t" time="0.004">
    <failure type="org.testng.TestNotInvokedException" message="
listenersDemo.IHookableListenerWithExample.t defines a callback via org.testng.IHookable but neither the callback was invoked nor the status was altered to SUCCESS|FAILURE|SKIP|SUCCESS_PERCENTAGE_FAILURE">
      <![CDATA[org.testng.TestNotInvokedException: 
at java.base/java.util.ArrayList.forEach(ArrayList.java:1511)
... Removed 23 stack frames]]>
    </failure>
  </testcase> <!-- t -->
</testsuite> <!-- TestNG Sample Test -->
