<?xml version="1.0" encoding="UTF-8"?>
<!-- Generated by org.testng.reporters.JUnitXMLReporter -->
<testsuite ignored="1" hostname="TECHYDLP-C33J103" failures="0" tests="1" name="Default test" time="11.384" errors="0" timestamp="2023-11-01T18:57:06 IST">
  <testcase classname="pageobjectTests.BrowserTest" name="navigate_to_homepage_click_on_getstarted" time="4.195"/>
  <testcase classname="pageobjectTests.BrowserTest" name="enter_userDetails" time="0.0">
    <ignored/>
  </testcase> <!-- enter_userDetails -->
</testsuite> <!-- Default test -->
