<?xml version="1.0" encoding="UTF-8"?>
<!-- Generated by org.testng.reporters.JUnitXMLReporter -->
<testsuite ignored="3" hostname="TECHYDLP-C33J103" failures="0" tests="0" time="0.021" errors="0" timestamp="2023-10-25T12:45:52 IST">
  <testcase classname="testNGBasics.GroupsExample1" name="test_method3" time="0.0">
    <ignored/>
  </testcase> <!-- test_method3 -->
  <testcase classname="testNGBasics.GroupsExample1" name="test_method2" time="0.0">
    <ignored/>
  </testcase> <!-- test_method2 -->
  <testcase classname="testNGBasics.GroupsExample1" name="test_method1" time="0.0">
    <ignored/>
  </testcase> <!-- test_method1 -->
</testsuite>
