<?xml version="1.0" encoding="UTF-8"?>
<testsuite xmlns:xsi="http://www.w3.org/2001/XMLSchema-instance" xsi:noNamespaceSchemaLocation="https://maven.apache.org/surefire/maven-surefire-plugin/xsd/surefire-test-report-3.0.xsd" version="3.0" name="TestSuite" time="64.316" tests="7" errors="0" skipped="0" failures="0">
  <properties>
[...]
</properties>
  <testcase name="jsTesting" classname="com.test.webdriver.JsexecTesting" time="26.66">
    <system-out><![CDATA[TC completed
]]></system-out>
    <system-err><![CDATA[SLF4J: Failed to load class "org.slf4j.impl.StaticLoggerBinder".
SLF4J: Defaulting to no-operation (NOP) logger implementation
SLF4J: See http://www.slf4j.org/codes.html#StaticLoggerBinder for further details.
Aug 29, 2023 9:56:28 PM org.openqa.selenium.devtools.CdpVersionFinder findNearestMatch
WARNING: Unable to find an exact match for CDP version 116, so returning the closest version found: 115
Aug 29, 2023 9:56:37 PM org.openqa.selenium.remote.http.WebSocket$Listener onError
WARNING: Connection reset
java.net.SocketException: Connection reset
	at java.base/sun.nio.ch.SocketChannelImpl.throwConnectionReset(SocketChannelImpl.java:394)
	at java.base/sun.nio.ch.SocketChannelImpl.read(SocketChannelImpl.java:426)
	at io.netty.buffer.PooledByteBuf.setBytes(PooledByteBuf.java:256)
	at io.netty.buffer.AbstractByteBuf.writeBytes(AbstractByteBuf.java:1132)
	at io.netty.channel.socket.nio.NioSocketChannel.doReadBytes(NioSocketChannel.java:357)
	at io.netty.channel.nio.AbstractNioByteChannel$NioByteUnsafe.read(AbstractNioByteChannel.java:151)
	at io.netty.channel.nio.NioEventLoop.processSelectedKey(NioEventLoop.java:788)
	at io.netty.channel.nio.NioEventLoop.processSelectedKeysOptimized(NioEventLoop.java:724)
	at io.netty.channel.nio.NioEventLoop.processSelectedKeys(NioEventLoop.java:650)
	at io.netty.channel.nio.NioEventLoop.run(NioEventLoop.java:562)
	at io.netty.util.concurrent.SingleThreadEventExecutor$4.run(SingleThreadEventExecutor.java:997)
	at io.netty.util.internal.ThreadExecutorMap$2.run(ThreadExecutorMap.java:74)
	at io.netty.util.concurrent.FastThreadLocalRunnable.run(FastThreadLocalRunnable.java:30)
	at java.base/java.lang.Thread.run(Thread.java:833)

]]></system-err>
  </testcase>
  <testcase name="sort" classname="com.test.webdriver.CollectionSort" time="0.006">
    <system-out><![CDATA[[Vikas5, Vikas11, Vikas3, Vikas12]
List items in ascending order: [Vikas11, Vikas12, Vikas3, Vikas5]
List items in descending order: [Vikas5, Vikas3, Vikas12, Vikas11]
]]></system-out>
  </testcase>
  <testcase name="sort" classname="com.test.webdriver.CollectionSort" time="0.015">
    <system-out><![CDATA[[Vikas5, Vikas11, Vikas3, Vikas12]
List items in ascending order: [Vikas11, Vikas12, Vikas3, Vikas5]
List items in descending order: [Vikas5, Vikas3, Vikas12, Vikas11]
]]></system-out>
  </testcase>
  <testcase name="sort" classname="com.test.webdriver.CollectionSort" time="0.005">
    <system-out><![CDATA[[Vikas5, Vikas11, Vikas3, Vikas12]
List items in ascending order: [Vikas11, Vikas12, Vikas3, Vikas5]
List items in descending order: [Vikas5, Vikas3, Vikas12, Vikas11]
]]></system-out>
  </testcase>
  <testcase name="screenshotTesting" classname="com.test.webdriver.ScreenshotTesting" time="9.317">
    <system-out><![CDATA[TC completed
]]></system-out>
    <system-err><![CDATA[Aug 29, 2023 9:56:40 PM org.openqa.selenium.devtools.CdpVersionFinder findNearestMatch
WARNING: Unable to find an exact match for CDP version 116, so returning the closest version found: 115
Aug 29, 2023 9:56:46 PM org.openqa.selenium.remote.http.WebSocket$Listener onError
WARNING: Connection reset
java.net.SocketException: Connection reset
	at java.base/sun.nio.ch.SocketChannelImpl.throwConnectionReset(SocketChannelImpl.java:394)
	at java.base/sun.nio.ch.SocketChannelImpl.read(SocketChannelImpl.java:426)
	at io.netty.buffer.PooledByteBuf.setBytes(PooledByteBuf.java:256)
	at io.netty.buffer.AbstractByteBuf.writeBytes(AbstractByteBuf.java:1132)
	at io.netty.channel.socket.nio.NioSocketChannel.doReadBytes(NioSocketChannel.java:357)
	at io.netty.channel.nio.AbstractNioByteChannel$NioByteUnsafe.read(AbstractNioByteChannel.java:151)
	at io.netty.channel.nio.NioEventLoop.processSelectedKey(NioEventLoop.java:788)
	at io.netty.channel.nio.NioEventLoop.processSelectedKeysOptimized(NioEventLoop.java:724)
	at io.netty.channel.nio.NioEventLoop.processSelectedKeys(NioEventLoop.java:650)
	at io.netty.channel.nio.NioEventLoop.run(NioEventLoop.java:562)
	at io.netty.util.concurrent.SingleThreadEventExecutor$4.run(SingleThreadEventExecutor.java:997)
	at io.netty.util.internal.ThreadExecutorMap$2.run(ThreadExecutorMap.java:74)
	at io.netty.util.concurrent.FastThreadLocalRunnable.run(FastThreadLocalRunnable.java:30)
	at java.base/java.lang.Thread.run(Thread.java:833)

]]></system-err>
  </testcase>
  <testcase name="sort" classname="com.test.webdriver.Arraylistexample" time="0.01">
    <system-out><![CDATA[4
]]></system-out>
  </testcase>
  <testcase name="tableData" classname="com.test.webdriver.TableTesting" time="26.111">
    <system-out><![CDATA[26
5
The value of the cell is IDFC Bank
The value of the cell is A
The value of the cell is 129.8
The value of the cell is 894.2
The value of the cell is + 9.2
The value of the cell is Power Finance Co
The value of the cell is A
The value of the cell is 35.6
The value of the cell is 692.4
The value of the cell is + 7.6
The value of the cell is HDIL
The value of the cell is A
The value of the cell is 512.7
The value of the cell is 433.1
The value of the cell is + 2.2
The value of the cell is Bajaj Corp Ltd.
The value of the cell is A
The value of the cell is 441
The value of the cell is 961.8
The value of the cell is + 2.7
The value of the cell is Ambuja Cements Ltd.
The value of the cell is A
The value of the cell is 378.9
The value of the cell is 971
The value of the cell is + 5.5
The value of the cell is IDFC Bank
The value of the cell is A
The value of the cell is 787.6
The value of the cell is 687.9
The value of the cell is + 5.9
The value of the cell is Cera Sanitaryware L
The value of the cell is A
The value of the cell is 534.7
The value of the cell is 109.3
The value of the cell is + 7.9
The value of the cell is IDFC Bank
The value of the cell is A
The value of the cell is 967.5
The value of the cell is 970.1
The value of the cell is + 2.3
The value of the cell is LIC Housing Fi
The value of the cell is A
The value of the cell is 894.1
The value of the cell is 459.8
The value of the cell is + 7.3
The value of the cell is Shriram Trans.Fi
The value of the cell is A
The value of the cell is 849.8
The value of the cell is 623.5
The value of the cell is + 9.9
The value of the cell is Hind. Petrol
The value of the cell is A
The value of the cell is 377.1
The value of the cell is 798.4
The value of the cell is + 6.8
The value of the cell is Colgate Palm.
The value of the cell is A
The value of the cell is 833.9
The value of the cell is 872.3
The value of the cell is + 6.3
The value of the cell is Bajaj Corp Ltd.
The value of the cell is A
The value of the cell is 604.1
The value of the cell is 536.1
The value of the cell is + 2.9
The value of the cell is Rashtriya Chemicals
The value of the cell is A
The value of the cell is 805
The value of the cell is 377.8
The value of the cell is + 4.4
The value of the cell is Jet Airways
The value of the cell is A
The value of the cell is 269.4
The value of the cell is 749.2
The value of the cell is + 7.3
The value of the cell is BEML Ltd.
The value of the cell is A
The value of the cell is 904.4
The value of the cell is 318.7
The value of the cell is + 8.1
The value of the cell is NCC
The value of the cell is A
The value of the cell is 372.8
The value of the cell is 928.5
The value of the cell is + 4.7
The value of the cell is Kansai Nerolac Paint
The value of the cell is A
The value of the cell is 381.8
The value of the cell is 867.4
The value of the cell is + 9
The value of the cell is Nestle India
The value of the cell is A
The value of the cell is 640.2
The value of the cell is 389.8
The value of the cell is + 2.5
The value of the cell is IDFC L
The value of the cell is A
The value of the cell is 37.4
The value of the cell is 821.3
The value of the cell is + 5.1
The value of the cell is Chennai Petro.
The value of the cell is A
The value of the cell is 285.2
The value of the cell is 726.8
The value of the cell is + 3.4
The value of the cell is UCO Bank
The value of the cell is A
The value of the cell is 357.1
The value of the cell is 849.4
The value of the cell is + 8.2
The value of the cell is Corporation Bank
The value of the cell is A
The value of the cell is 663.5
The value of the cell is 223.3
The value of the cell is + 6.2
The value of the cell is NIIT Technologies
The value of the cell is A
The value of the cell is 669.4
The value of the cell is 145.4
The value of the cell is + 7.7
The value of the cell is Coffee Day Enterpris
The value of the cell is A
The value of the cell is 49.3
The value of the cell is 978.8
The value of the cell is + 7.8
The value of the cell is Kwality
The value of the cell is A
The value of the cell is 790.3
The value of the cell is 611.3
The value of the cell is + 4.4
]]></system-out>
    <system-err><![CDATA[Aug 29, 2023 9:56:50 PM org.openqa.selenium.devtools.CdpVersionFinder findNearestMatch
WARNING: Unable to find an exact match for CDP version 116, so returning the closest version found: 115
Aug 29, 2023 9:57:12 PM org.openqa.selenium.remote.http.WebSocket$Listener onError
WARNING: Connection reset
java.net.SocketException: Connection reset
	at java.base/sun.nio.ch.SocketChannelImpl.throwConnectionReset(SocketChannelImpl.java:394)
	at java.base/sun.nio.ch.SocketChannelImpl.read(SocketChannelImpl.java:426)
	at io.netty.buffer.PooledByteBuf.setBytes(PooledByteBuf.java:256)
	at io.netty.buffer.AbstractByteBuf.writeBytes(AbstractByteBuf.java:1132)
	at io.netty.channel.socket.nio.NioSocketChannel.doReadBytes(NioSocketChannel.java:357)
	at io.netty.channel.nio.AbstractNioByteChannel$NioByteUnsafe.read(AbstractNioByteChannel.java:151)
	at io.netty.channel.nio.NioEventLoop.processSelectedKey(NioEventLoop.java:788)
	at io.netty.channel.nio.NioEventLoop.processSelectedKeysOptimized(NioEventLoop.java:724)
	at io.netty.channel.nio.NioEventLoop.processSelectedKeys(NioEventLoop.java:650)
	at io.netty.channel.nio.NioEventLoop.run(NioEventLoop.java:562)
	at io.netty.util.concurrent.SingleThreadEventExecutor$4.run(SingleThreadEventExecutor.java:997)
	at io.netty.util.internal.ThreadExecutorMap$2.run(ThreadExecutorMap.java:74)
	at io.netty.util.concurrent.FastThreadLocalRunnable.run(FastThreadLocalRunnable.java:30)
	at java.base/java.lang.Thread.run(Thread.java:833)

]]></system-err>
  </testcase>
</testsuite>