<?xml version="1.0" encoding="UTF-8"?>
<!-- Generated by org.testng.reporters.JUnitXMLReporter -->
<testsuite ignored="0" hostname="TECHYDLP-C33J103" failures="0" tests="3" name="Test" time="36.08" errors="0" timestamp="2023-08-29T21:56:46 IST">
  <testcase classname="com.test.webdriver.JsexecTesting" name="jsTesting" time="26.656"/>
  <testcase classname="com.test.webdriver.CollectionSort" name="sort" time="0.011"/>
  <testcase classname="com.test.webdriver.ScreenshotTesting" name="screenshotTesting" time="9.339"/>
</testsuite> <!-- Test -->
