<?xml version="1.0" encoding="UTF-8"?>
<testng-results ignored="0" total="7" passed="7" failed="0" skipped="0">
  <reporter-output>
  </reporter-output>
  <suite started-at="2023-08-29T21:57:13 IST" name="Selenium 4 POC Tests " finished-at="2023-08-29T21:57:13 IST" duration-ms="0">
    <groups>
    </groups>
  </suite> <!-- Selenium 4 POC Tests  -->
  <suite started-at="2023-08-29T21:56:10 IST" name="Suite" finished-at="2023-08-29T21:56:46 IST" duration-ms="36080">
    <groups>
    </groups>
    <test started-at="2023-08-29T21:56:10 IST" name="Test" finished-at="2023-08-29T21:56:46 IST" duration-ms="36080">
      <class name="com.test.webdriver.CollectionSort">
        <test-method signature="sort()[pri:0, instance:com.test.webdriver.CollectionSort@47d9a273]" started-at="2023-08-29T21:56:37 IST" name="sort" finished-at="2023-08-29T21:56:37 IST" duration-ms="11" status="PASS">
          <reporter-output>
          </reporter-output>
        </test-method> <!-- sort -->
      </class> <!-- com.test.webdriver.CollectionSort -->
      <class name="com.test.webdriver.JsexecTesting">
        <test-method signature="jsTesting()[pri:0, instance:com.test.webdriver.JsexecTesting@36916eb0]" started-at="2023-08-29T21:56:10 IST" name="jsTesting" finished-at="2023-08-29T21:56:37 IST" duration-ms="26656" status="PASS">
          <reporter-output>
          </reporter-output>
        </test-method> <!-- jsTesting -->
      </class> <!-- com.test.webdriver.JsexecTesting -->
      <class name="com.test.webdriver.ScreenshotTesting">
        <test-method signature="screenshotTesting()[pri:0, instance:com.test.webdriver.ScreenshotTesting@4b8ee4de]" started-at="2023-08-29T21:56:37 IST" name="screenshotTesting" finished-at="2023-08-29T21:56:46 IST" duration-ms="9339" status="PASS">
          <reporter-output>
          </reporter-output>
        </test-method> <!-- screenshotTesting -->
      </class> <!-- com.test.webdriver.ScreenshotTesting -->
    </test> <!-- Test -->
  </suite> <!-- Suite -->
  <suite started-at="2023-08-29T21:56:47 IST" name="Suite (1)" finished-at="2023-08-29T21:57:13 IST" duration-ms="26118">
    <groups>
    </groups>
    <test started-at="2023-08-29T21:56:47 IST" name="Test" finished-at="2023-08-29T21:57:13 IST" duration-ms="26118">
      <class name="com.test.webdriver.CollectionSort">
        <test-method signature="sort()[pri:0, instance:com.test.webdriver.CollectionSort@3e27aa33]" started-at="2023-08-29T21:57:13 IST" name="sort" finished-at="2023-08-29T21:57:13 IST" duration-ms="1" status="PASS">
          <reporter-output>
          </reporter-output>
        </test-method> <!-- sort -->
      </class> <!-- com.test.webdriver.CollectionSort -->
      <class name="com.test.webdriver.TableTesting">
        <test-method signature="tableData()[pri:0, instance:com.test.webdriver.TableTesting@750e2b97]" started-at="2023-08-29T21:56:47 IST" name="tableData" finished-at="2023-08-29T21:57:13 IST" duration-ms="26110" status="PASS">
          <reporter-output>
          </reporter-output>
        </test-method> <!-- tableData -->
      </class> <!-- com.test.webdriver.TableTesting -->
    </test> <!-- Test -->
  </suite> <!-- Suite (1) -->
  <suite started-at="2023-08-29T21:56:46 IST" name="Suite (0)" finished-at="2023-08-29T21:56:46 IST" duration-ms="22">
    <groups>
    </groups>
    <test started-at="2023-08-29T21:56:46 IST" name="Test" finished-at="2023-08-29T21:56:46 IST" duration-ms="22">
      <class name="com.test.webdriver.CollectionSort">
        <test-method signature="sort()[pri:0, instance:com.test.webdriver.CollectionSort@4145bad8]" started-at="2023-08-29T21:56:46 IST" name="sort" finished-at="2023-08-29T21:56:46 IST" duration-ms="3" status="PASS">
          <reporter-output>
          </reporter-output>
        </test-method> <!-- sort -->
      </class> <!-- com.test.webdriver.CollectionSort -->
      <class name="com.test.webdriver.Arraylistexample">
        <test-method signature="sort()[pri:0, instance:com.test.webdriver.Arraylistexample@63376bed]" started-at="2023-08-29T21:56:46 IST" name="sort" finished-at="2023-08-29T21:56:46 IST" duration-ms="2" status="PASS">
          <reporter-output>
          </reporter-output>
        </test-method> <!-- sort -->
      </class> <!-- com.test.webdriver.Arraylistexample -->
    </test> <!-- Test -->
  </suite> <!-- Suite (0) -->
</testng-results>
